<?xml version="1.0" encoding="UTF-8"?>
<!-- Generated by org.testng.reporters.JUnitXMLReporter -->
<testsuite hostname="DESKTOP-3BHS2BP" ignored="0" name="Test" tests="3" failures="0" timestamp="2021-02-18T17:42:34 CST" time="69.15" errors="0">
  <testcase name="SubmitForm" time="13.105" classname="Tests.RegistrationPageTest"/>
  <testcase name="SubmitForm" time="10.369" classname="Tests.RegistrationPageTest"/>
  <testcase name="SubmitForm" time="10.15" classname="Tests.RegistrationPageTest"/>
</testsuite> <!-- Test -->
