<?xml version="1.0" encoding="UTF-8"?>
<testng-results skipped="0" failed="0" ignored="0" total="3" passed="3">
  <reporter-output>
  </reporter-output>
  <suite name="Suite" duration-ms="69150" started-at="2021-02-18T17:41:25 CST" finished-at="2021-02-18T17:42:34 CST">
    <groups>
    </groups>
    <test name="Test" duration-ms="69150" started-at="2021-02-18T17:41:25 CST" finished-at="2021-02-18T17:42:34 CST">
      <class name="Tests.RegistrationPageTest">
        <test-method status="PASS" signature="LaunchApplication()[pri:0, instance:Tests.RegistrationPageTest@26d9b808]" name="LaunchApplication" is-config="true" duration-ms="14864" started-at="2021-02-18T17:41:25 CST" finished-at="2021-02-18T17:41:40 CST">
          <reporter-output>
          </reporter-output>
        </test-method> <!-- LaunchApplication -->
        <test-method status="PASS" signature="SubmitForm(java.lang.Object)[pri:0, instance:Tests.RegistrationPageTest@26d9b808]" name="SubmitForm" duration-ms="13105" started-at="2021-02-18T17:41:40 CST" data-provider="RegistrationForm" finished-at="2021-02-18T17:41:53 CST">
          <params>
            <param index="0">
              <value>
                <![CDATA[{UserName=vshaha7171, Email=test@gmail.com, RePassword=abc, FirstName=Vishal, DobMonth=1, Sr No=1, Marital=Married, About=Abc, DobYear=2014, DobDay=1, Hobby=Dance,Reading,Cricket, Country=India, PhoneNumber=6572537422, LastName=Shaha, Password=abc}]]>
              </value>
            </param>
          </params>
          <reporter-output>
          </reporter-output>
        </test-method> <!-- SubmitForm -->
        <test-method status="PASS" signature="tearDown()[pri:0, instance:Tests.RegistrationPageTest@26d9b808]" name="tearDown" is-config="true" duration-ms="780" started-at="2021-02-18T17:41:53 CST" finished-at="2021-02-18T17:41:54 CST">
          <reporter-output>
          </reporter-output>
        </test-method> <!-- tearDown -->
        <test-method status="PASS" signature="LaunchApplication()[pri:0, instance:Tests.RegistrationPageTest@26d9b808]" name="LaunchApplication" is-config="true" duration-ms="8944" started-at="2021-02-18T17:41:54 CST" finished-at="2021-02-18T17:42:03 CST">
          <reporter-output>
          </reporter-output>
        </test-method> <!-- LaunchApplication -->
        <test-method status="PASS" signature="SubmitForm(java.lang.Object)[pri:0, instance:Tests.RegistrationPageTest@26d9b808]" name="SubmitForm" duration-ms="10369" started-at="2021-02-18T17:42:03 CST" data-provider="RegistrationForm" finished-at="2021-02-18T17:42:13 CST">
          <params>
            <param index="0">
              <value>
                <![CDATA[{UserName=vshaha7172, Email=test@gmail.com, RePassword=xyz, FirstName=Vaibhav, DobMonth=1, Sr No=2, Marital=Single, About=null, DobYear=2014, DobDay=1, Hobby=Reading, Country=India, PhoneNumber=6572537429, LastName=Shaha, Password=xyz}]]>
              </value>
            </param>
          </params>
          <reporter-output>
          </reporter-output>
        </test-method> <!-- SubmitForm -->
        <test-method status="PASS" signature="tearDown()[pri:0, instance:Tests.RegistrationPageTest@26d9b808]" name="tearDown" is-config="true" duration-ms="764" started-at="2021-02-18T17:42:13 CST" finished-at="2021-02-18T17:42:14 CST">
          <reporter-output>
          </reporter-output>
        </test-method> <!-- tearDown -->
        <test-method status="PASS" signature="LaunchApplication()[pri:0, instance:Tests.RegistrationPageTest@26d9b808]" name="LaunchApplication" is-config="true" duration-ms="8710" started-at="2021-02-18T17:42:14 CST" finished-at="2021-02-18T17:42:23 CST">
          <reporter-output>
          </reporter-output>
        </test-method> <!-- LaunchApplication -->
        <test-method status="PASS" signature="SubmitForm(java.lang.Object)[pri:0, instance:Tests.RegistrationPageTest@26d9b808]" name="SubmitForm" duration-ms="10150" started-at="2021-02-18T17:42:23 CST" data-provider="RegistrationForm" finished-at="2021-02-18T17:42:33 CST">
          <params>
            <param index="0">
              <value>
                <![CDATA[{UserName=vshaha7173, Email=test@gmail.com, RePassword=qwe, FirstName=Sayali, DobMonth=1, Sr No=3, Marital=Married, About=dull, DobYear=2014, DobDay=1, Hobby=Dance,Reading, Country=India, PhoneNumber=6572537428, LastName=Mehta, Password=qwe}]]>
              </value>
            </param>
          </params>
          <reporter-output>
          </reporter-output>
        </test-method> <!-- SubmitForm -->
        <test-method status="PASS" signature="tearDown()[pri:0, instance:Tests.RegistrationPageTest@26d9b808]" name="tearDown" is-config="true" duration-ms="897" started-at="2021-02-18T17:42:33 CST" finished-at="2021-02-18T17:42:34 CST">
          <reporter-output>
          </reporter-output>
        </test-method> <!-- tearDown -->
      </class> <!-- Tests.RegistrationPageTest -->
    </test> <!-- Test -->
  </suite> <!-- Suite -->
</testng-results>
