<?xml version="1.0" encoding="UTF-8"?>
<testng-results skipped="0" failed="1" ignored="0" retried="1" total="9" passed="7">
  <reporter-output>
  </reporter-output>
  <suite name="Suite" duration-ms="39166" started-at="2021-02-12T02:57:56 CST" finished-at="2021-02-12T02:58:36 CST">
    <groups>
    </groups>
    <test name="Test" duration-ms="39166" started-at="2021-02-12T02:57:56 CST" finished-at="2021-02-12T02:58:36 CST">
      <class name="Tests.TestCase">
        <test-method status="PASS" signature="LaunchApplication()[pri:0, instance:Tests.TestCase@4145bad8]" name="LaunchApplication" is-config="true" duration-ms="7395" started-at="2021-02-12T02:57:57 CST" finished-at="2021-02-12T02:58:04 CST">
          <reporter-output>
          </reporter-output>
        </test-method> <!-- LaunchApplication -->
        <test-method status="PASS" signature="TaskCreationTest(java.lang.Object)[pri:0, instance:Tests.TestCase@4145bad8]" name="TaskCreationTest" duration-ms="3423" started-at="2021-02-12T02:58:04 CST" data-provider="taskCreationData" finished-at="2021-02-12T02:58:08 CST">
          <params>
            <param index="0">
              <value>
                <![CDATA[{UserName=administrator@localhost.com, TaskPriority=Medum, Sr No=1, Label=Task, AttachmentFilePath=G:\1. My Cources\Test Case.docx, ProjectToCreateTaskUnder=New Development - Internal WebSite, TaskStatus=Open, EndDate=2020-09-29, Test Case Name=CreateTask with Open Status, StartDate=2020-09-28, TaskName=dev1, TaskType=Change Priority Rate (Hourly rate $25.00), Test Case Description=, Password=administrator, CurrentProgress=0.05}]]>
              </value>
            </param>
          </params>
          <reporter-output>
          </reporter-output>
        </test-method> <!-- TaskCreationTest -->
        <test-method status="PASS" signature="tearDown()[pri:0, instance:Tests.TestCase@4145bad8]" name="tearDown" is-config="true" duration-ms="1070" started-at="2021-02-12T02:58:08 CST" finished-at="2021-02-12T02:58:09 CST">
          <reporter-output>
          </reporter-output>
        </test-method> <!-- tearDown -->
        <test-method status="PASS" signature="LaunchApplication()[pri:0, instance:Tests.TestCase@4145bad8]" name="LaunchApplication" is-config="true" duration-ms="3366" started-at="2021-02-12T02:58:09 CST" finished-at="2021-02-12T02:58:12 CST">
          <reporter-output>
          </reporter-output>
        </test-method> <!-- LaunchApplication -->
        <test-method status="PASS" signature="TaskCreationTest(java.lang.Object)[pri:0, instance:Tests.TestCase@4145bad8]" name="TaskCreationTest" duration-ms="2661" started-at="2021-02-12T02:58:12 CST" data-provider="taskCreationData" finished-at="2021-02-12T02:58:15 CST">
          <params>
            <param index="0">
              <value>
                <![CDATA[{UserName=administrator@localhost.com, TaskPriority=Urgent, Sr No=2, Label=Bug, AttachmentFilePath=G:\1. My Cources\Test Case.docx, ProjectToCreateTaskUnder=Maintenance work - Client CTX - Tremox XT5, TaskStatus=Re-opened, EndDate=2020-09-30, Test Case Name=Create Defect wtith Reopen Status, StartDate=2020-09-28, TaskName=dev2, TaskType=Defects (Hourly rate $0.00), Test Case Description=, Password=administrator, CurrentProgress=0.95}]]>
              </value>
            </param>
          </params>
          <reporter-output>
          </reporter-output>
        </test-method> <!-- TaskCreationTest -->
        <test-method status="PASS" signature="tearDown()[pri:0, instance:Tests.TestCase@4145bad8]" name="tearDown" is-config="true" duration-ms="2394" started-at="2021-02-12T02:58:15 CST" finished-at="2021-02-12T02:58:17 CST">
          <reporter-output>
          </reporter-output>
        </test-method> <!-- tearDown -->
      </class> <!-- Tests.TestCase -->
      <class name="Tests.UserLoginTests">
        <test-method status="PASS" signature="LaunchApplication()[pri:0, instance:Tests.UserLoginTests@d86a6f]" name="LaunchApplication" is-config="true" duration-ms="7864" started-at="2021-02-12T02:57:57 CST" finished-at="2021-02-12T02:58:05 CST">
          <reporter-output>
          </reporter-output>
        </test-method> <!-- LaunchApplication -->
        <test-method status="PASS" signature="ClientLoginTest()[pri:0, instance:Tests.UserLoginTests@d86a6f]" name="ClientLoginTest" duration-ms="3820" started-at="2021-02-12T02:58:05 CST" finished-at="2021-02-12T02:58:09 CST">
          <reporter-output>
          </reporter-output>
        </test-method> <!-- ClientLoginTest -->
        <test-method status="PASS" signature="tearDown()[pri:0, instance:Tests.UserLoginTests@d86a6f]" name="tearDown" is-config="true" duration-ms="738" started-at="2021-02-12T02:58:09 CST" finished-at="2021-02-12T02:58:09 CST">
          <reporter-output>
          </reporter-output>
        </test-method> <!-- tearDown -->
        <test-method status="PASS" signature="LaunchApplication()[pri:0, instance:Tests.UserLoginTests@d86a6f]" name="LaunchApplication" is-config="true" duration-ms="6169" started-at="2021-02-12T02:58:09 CST" finished-at="2021-02-12T02:58:15 CST">
          <reporter-output>
          </reporter-output>
        </test-method> <!-- LaunchApplication -->
        <test-method status="SKIP" signature="DesignerLoginTest()[pri:0, instance:Tests.UserLoginTests@d86a6f]" name="DesignerLoginTest" duration-ms="3295" retried="true" started-at="2021-02-12T02:58:15 CST" finished-at="2021-02-12T02:58:19 CST">
          <exception class="java.lang.AssertionError">
            <message>
              <![CDATA[expected [true] but found [false]]]>
            </message>
            <full-stacktrace>
              <![CDATA[java.lang.AssertionError: expected [true] but found [false]
at org.testng.Assert.fail(Assert.java:99)
at org.testng.Assert.failNotEquals(Assert.java:1037)
at org.testng.Assert.assertTrue(Assert.java:45)
at org.testng.Assert.assertTrue(Assert.java:55)
at reusablemethods.ActionEngine.assertEqualsString_custom(ActionEngine.java:113)
at Tests.UserLoginTests.DesignerLoginTest(UserLoginTests.java:30)
at sun.reflect.NativeMethodAccessorImpl.invoke0(Native Method)
at sun.reflect.NativeMethodAccessorImpl.invoke(NativeMethodAccessorImpl.java:62)
at sun.reflect.DelegatingMethodAccessorImpl.invoke(DelegatingMethodAccessorImpl.java:43)
at java.lang.reflect.Method.invoke(Method.java:498)
at org.testng.internal.MethodInvocationHelper.invokeMethod(MethodInvocationHelper.java:132)
at org.testng.internal.TestInvoker.invokeMethod(TestInvoker.java:599)
at org.testng.internal.TestInvoker.invokeTestMethod(TestInvoker.java:174)
at org.testng.internal.MethodRunner.runInSequence(MethodRunner.java:46)
at org.testng.internal.TestInvoker$MethodInvocationAgent.invoke(TestInvoker.java:822)
at org.testng.internal.TestInvoker.invokeTestMethods(TestInvoker.java:147)
at org.testng.internal.TestMethodWorker.invokeTestMethods(TestMethodWorker.java:146)
at org.testng.internal.TestMethodWorker.run(TestMethodWorker.java:128)
at java.util.concurrent.ThreadPoolExecutor.runWorker(ThreadPoolExecutor.java:1149)
at java.util.concurrent.ThreadPoolExecutor$Worker.run(ThreadPoolExecutor.java:624)
at java.lang.Thread.run(Thread.java:748)
]]>
            </full-stacktrace>
          </exception> <!-- java.lang.AssertionError -->
          <reporter-output>
          </reporter-output>
        </test-method> <!-- DesignerLoginTest -->
        <test-method status="PASS" signature="tearDown()[pri:0, instance:Tests.UserLoginTests@d86a6f]" name="tearDown" is-config="true" duration-ms="1052" started-at="2021-02-12T02:58:19 CST" finished-at="2021-02-12T02:58:20 CST">
          <reporter-output>
          </reporter-output>
        </test-method> <!-- tearDown -->
        <test-method status="PASS" signature="LaunchApplication()[pri:0, instance:Tests.UserLoginTests@d86a6f]" name="LaunchApplication" is-config="true" duration-ms="3210" started-at="2021-02-12T02:58:20 CST" finished-at="2021-02-12T02:58:23 CST">
          <reporter-output>
          </reporter-output>
        </test-method> <!-- LaunchApplication -->
        <test-method status="FAIL" signature="DesignerLoginTest()[pri:0, instance:Tests.UserLoginTests@d86a6f]" name="DesignerLoginTest" duration-ms="2904" started-at="2021-02-12T02:58:23 CST" finished-at="2021-02-12T02:58:26 CST">
          <exception class="java.lang.AssertionError">
            <message>
              <![CDATA[expected [true] but found [false]]]>
            </message>
            <full-stacktrace>
              <![CDATA[java.lang.AssertionError: expected [true] but found [false]
at org.testng.Assert.fail(Assert.java:99)
at org.testng.Assert.failNotEquals(Assert.java:1037)
at org.testng.Assert.assertTrue(Assert.java:45)
at org.testng.Assert.assertTrue(Assert.java:55)
at reusablemethods.ActionEngine.assertEqualsString_custom(ActionEngine.java:113)
at Tests.UserLoginTests.DesignerLoginTest(UserLoginTests.java:30)
at sun.reflect.NativeMethodAccessorImpl.invoke0(Native Method)
at sun.reflect.NativeMethodAccessorImpl.invoke(NativeMethodAccessorImpl.java:62)
at sun.reflect.DelegatingMethodAccessorImpl.invoke(DelegatingMethodAccessorImpl.java:43)
at java.lang.reflect.Method.invoke(Method.java:498)
at org.testng.internal.MethodInvocationHelper.invokeMethod(MethodInvocationHelper.java:132)
at org.testng.internal.TestInvoker.invokeMethod(TestInvoker.java:599)
at org.testng.internal.TestInvoker.retryFailed(TestInvoker.java:214)
at org.testng.internal.MethodRunner.runInSequence(MethodRunner.java:58)
at org.testng.internal.TestInvoker$MethodInvocationAgent.invoke(TestInvoker.java:822)
at org.testng.internal.TestInvoker.invokeTestMethods(TestInvoker.java:147)
at org.testng.internal.TestMethodWorker.invokeTestMethods(TestMethodWorker.java:146)
at org.testng.internal.TestMethodWorker.run(TestMethodWorker.java:128)
at java.util.concurrent.ThreadPoolExecutor.runWorker(ThreadPoolExecutor.java:1149)
at java.util.concurrent.ThreadPoolExecutor$Worker.run(ThreadPoolExecutor.java:624)
at java.lang.Thread.run(Thread.java:748)
]]>
            </full-stacktrace>
          </exception> <!-- java.lang.AssertionError -->
          <reporter-output>
          </reporter-output>
        </test-method> <!-- DesignerLoginTest -->
        <test-method status="PASS" signature="tearDown()[pri:0, instance:Tests.UserLoginTests@d86a6f]" name="tearDown" is-config="true" duration-ms="1804" started-at="2021-02-12T02:58:26 CST" finished-at="2021-02-12T02:58:28 CST">
          <reporter-output>
          </reporter-output>
        </test-method> <!-- tearDown -->
        <test-method status="PASS" signature="LaunchApplication()[pri:0, instance:Tests.UserLoginTests@d86a6f]" name="LaunchApplication" is-config="true" duration-ms="3136" started-at="2021-02-12T02:58:28 CST" finished-at="2021-02-12T02:58:31 CST">
          <reporter-output>
          </reporter-output>
        </test-method> <!-- LaunchApplication -->
        <test-method status="PASS" signature="ManagerLoginTest()[pri:0, instance:Tests.UserLoginTests@d86a6f]" name="ManagerLoginTest" duration-ms="3473" started-at="2021-02-12T02:58:31 CST" finished-at="2021-02-12T02:58:35 CST">
          <reporter-output>
          </reporter-output>
        </test-method> <!-- ManagerLoginTest -->
        <test-method status="PASS" signature="tearDown()[pri:0, instance:Tests.UserLoginTests@d86a6f]" name="tearDown" is-config="true" duration-ms="727" started-at="2021-02-12T02:58:35 CST" finished-at="2021-02-12T02:58:36 CST">
          <reporter-output>
          </reporter-output>
        </test-method> <!-- tearDown -->
      </class> <!-- Tests.UserLoginTests -->
      <class name="Tests.rough">
        <test-method status="PASS" signature="LaunchApplication()[pri:0, instance:Tests.rough@2892d68]" name="LaunchApplication" is-config="true" duration-ms="7892" started-at="2021-02-12T02:57:57 CST" finished-at="2021-02-12T02:58:05 CST">
          <reporter-output>
          </reporter-output>
        </test-method> <!-- LaunchApplication -->
        <test-method status="PASS" signature="test1()[pri:0, instance:Tests.rough@2892d68]" name="test1" duration-ms="4929" started-at="2021-02-12T02:58:05 CST" finished-at="2021-02-12T02:58:10 CST">
          <reporter-output>
          </reporter-output>
        </test-method> <!-- test1 -->
        <test-method status="PASS" signature="tearDown()[pri:0, instance:Tests.rough@2892d68]" name="tearDown" is-config="true" duration-ms="3673" started-at="2021-02-12T02:58:10 CST" finished-at="2021-02-12T02:58:13 CST">
          <reporter-output>
          </reporter-output>
        </test-method> <!-- tearDown -->
        <test-method status="PASS" signature="LaunchApplication()[pri:0, instance:Tests.rough@2892d68]" name="LaunchApplication" is-config="true" duration-ms="5698" started-at="2021-02-12T02:58:13 CST" finished-at="2021-02-12T02:58:19 CST">
          <reporter-output>
          </reporter-output>
        </test-method> <!-- LaunchApplication -->
        <test-method status="PASS" signature="test2()[pri:0, instance:Tests.rough@2892d68]" name="test2" duration-ms="2956" started-at="2021-02-12T02:58:19 CST" finished-at="2021-02-12T02:58:22 CST">
          <reporter-output>
          </reporter-output>
        </test-method> <!-- test2 -->
        <test-method status="PASS" signature="tearDown()[pri:0, instance:Tests.rough@2892d68]" name="tearDown" is-config="true" duration-ms="1171" started-at="2021-02-12T02:58:22 CST" finished-at="2021-02-12T02:58:23 CST">
          <reporter-output>
          </reporter-output>
        </test-method> <!-- tearDown -->
        <test-method status="PASS" signature="LaunchApplication()[pri:0, instance:Tests.rough@2892d68]" name="LaunchApplication" is-config="true" duration-ms="3112" started-at="2021-02-12T02:58:23 CST" finished-at="2021-02-12T02:58:26 CST">
          <reporter-output>
          </reporter-output>
        </test-method> <!-- LaunchApplication -->
        <test-method status="PASS" signature="test3()[pri:0, instance:Tests.rough@2892d68]" name="test3" duration-ms="3042" started-at="2021-02-12T02:58:26 CST" finished-at="2021-02-12T02:58:29 CST">
          <reporter-output>
          </reporter-output>
        </test-method> <!-- test3 -->
        <test-method status="PASS" signature="tearDown()[pri:0, instance:Tests.rough@2892d68]" name="tearDown" is-config="true" duration-ms="1788" started-at="2021-02-12T02:58:29 CST" finished-at="2021-02-12T02:58:31 CST">
          <reporter-output>
          </reporter-output>
        </test-method> <!-- tearDown -->
      </class> <!-- Tests.rough -->
    </test> <!-- Test -->
  </suite> <!-- Suite -->
</testng-results>
