<?xml version="1.0" encoding="UTF-8"?>
<!-- Generated by org.testng.reporters.JUnitReportReporter -->
<testsuite skipped="0" hostname="DESKTOP-3BHS2BP" name="Tests.RegistrationPageTest" tests="3" failures="0" timestamp="2021-02-18T17:42:35 CST" time="68.583" errors="0">
  <testcase name="SubmitForm" time="19.858" classname="Tests.RegistrationPageTest"/>
  <system-out/>
  <testcase name="SubmitForm" time="19.859" classname="Tests.RegistrationPageTest"/>
  <system-out/>
  <testcase name="SubmitForm" time="28.866" classname="Tests.RegistrationPageTest"/>
  <system-out/>
</testsuite> <!-- Tests.RegistrationPageTest -->
