<?xml version="1.0" encoding="UTF-8"?>
<!-- Generated by org.testng.reporters.JUnitReportReporter -->
<testsuite skipped="0" hostname="DESKTOP-3BHS2BP" name="Tests.rough" tests="3" failures="0" timestamp="2021-02-12T02:58:37 CST" time="34.261" errors="0">
  <testcase name="test3" time="10.528" classname="Tests.rough"/>
  <system-out/>
  <testcase name="test1" time="9.212" classname="Tests.rough"/>
  <system-out/>
  <testcase name="test2" time="14.521" classname="Tests.rough"/>
  <system-out/>
</testsuite> <!-- Tests.rough -->
